<?xml version="1.0" encoding="UTF-8"?>
<testsuite xmlns:xsi="http://www.w3.org/2001/XMLSchema-instance" xsi:noNamespaceSchemaLocation="https://maven.apache.org/surefire/maven-surefire-plugin/xsd/surefire-test-report-3.0.xsd" version="3.0" name="com.ardakkan.backend.BeyazEvimBackendApplicationTests" time="7.141" tests="1" errors="0" skipped="0" failures="0">
  <properties>
[...]
</properties>
  <testcase name="contextLoads" classname="com.ardakkan.backend.BeyazEvimBackendApplicationTests" time="0.483">
    <system-out><![CDATA[17:24:01.626 [main] INFO org.springframework.test.context.support.AnnotationConfigContextLoaderUtils -- Could not detect default configuration classes for test class [com.ardakkan.backend.BeyazEvimBackendApplicationTests]: BeyazEvimBackendApplicationTests does not declare any static, non-private, non-final, nested classes annotated with @Configuration.
17:24:01.714 [main] INFO org.springframework.boot.test.context.SpringBootTestContextBootstrapper -- Found @SpringBootConfiguration com.ardakkan.backend.BeyazEvimBackendApplication for test class com.ardakkan.backend.BeyazEvimBackendApplicationTests
17:24:01.868 [main] INFO org.springframework.boot.devtools.restart.RestartApplicationListener -- Restart disabled due to context in which it is running

  .   ____          _            __ _ _
 /\\ / ___'_ __ _ _(_)_ __  __ _ \ \ \ \
( ( )\___ | '_ | '_| | '_ \/ _` | \ \ \ \
 \\/  ___)| |_)| | | | | || (_| |  ) ) ) )
  '  |____| .__|_| |_|_| |_\__, | / / / /
 =========|_|==============|___/=/_/_/_/

 :: Spring Boot ::                (v3.3.4)

2024-12-15T17:24:02.076+03:00  INFO 881 --- [BeyazEvimBackend] [           main] c.a.b.BeyazEvimBackendApplicationTests   : Starting BeyazEvimBackendApplicationTests using Java 17.0.8 with PID 881 (started by ardaakkan in /Users/ardaakkan/Documents/workspace-spring-tool-suite-4-4.20.0.RELEASE/BeyazEvimBackend)
2024-12-15T17:24:02.077+03:00  INFO 881 --- [BeyazEvimBackend] [           main] c.a.b.BeyazEvimBackendApplicationTests   : No active profile set, falling back to 1 default profile: "default"
2024-12-15T17:24:02.914+03:00  INFO 881 --- [BeyazEvimBackend] [           main] .s.d.r.c.RepositoryConfigurationDelegate : Multiple Spring Data modules found, entering strict repository configuration mode
2024-12-15T17:24:02.915+03:00  INFO 881 --- [BeyazEvimBackend] [           main] .s.d.r.c.RepositoryConfigurationDelegate : Bootstrapping Spring Data JDBC repositories in DEFAULT mode.
2024-12-15T17:24:02.943+03:00  INFO 881 --- [BeyazEvimBackend] [           main] .RepositoryConfigurationExtensionSupport : Spring Data JDBC - Could not safely identify store assignment for repository candidate interface com.ardakkan.backend.repo.CategoryRepository; If you want this repository to be a JDBC repository, consider annotating your entities with one of these annotations: org.springframework.data.relational.core.mapping.Table.
2024-12-15T17:24:02.944+03:00  INFO 881 --- [BeyazEvimBackend] [           main] .RepositoryConfigurationExtensionSupport : Spring Data JDBC - Could not safely identify store assignment for repository candidate interface com.ardakkan.backend.repo.CommentRepository; If you want this repository to be a JDBC repository, consider annotating your entities with one of these annotations: org.springframework.data.relational.core.mapping.Table.
2024-12-15T17:24:02.945+03:00  INFO 881 --- [BeyazEvimBackend] [           main] .RepositoryConfigurationExtensionSupport : Spring Data JDBC - Could not safely identify store assignment for repository candidate interface com.ardakkan.backend.repo.InvoiceRepository; If you want this repository to be a JDBC repository, consider annotating your entities with one of these annotations: org.springframework.data.relational.core.mapping.Table.
2024-12-15T17:24:02.946+03:00  INFO 881 --- [BeyazEvimBackend] [           main] .RepositoryConfigurationExtensionSupport : Spring Data JDBC - Could not safely identify store assignment for repository candidate interface com.ardakkan.backend.repo.OrderItemRepository; If you want this repository to be a JDBC repository, consider annotating your entities with one of these annotations: org.springframework.data.relational.core.mapping.Table.
2024-12-15T17:24:02.947+03:00  INFO 881 --- [BeyazEvimBackend] [           main] .RepositoryConfigurationExtensionSupport : Spring Data JDBC - Could not safely identify store assignment for repository candidate interface com.ardakkan.backend.repo.OrderRepository; If you want this repository to be a JDBC repository, consider annotating your entities with one of these annotations: org.springframework.data.relational.core.mapping.Table.
2024-12-15T17:24:02.948+03:00  INFO 881 --- [BeyazEvimBackend] [           main] .RepositoryConfigurationExtensionSupport : Spring Data JDBC - Could not safely identify store assignment for repository candidate interface com.ardakkan.backend.repo.ProductInstanceRepository; If you want this repository to be a JDBC repository, consider annotating your entities with one of these annotations: org.springframework.data.relational.core.mapping.Table.
2024-12-15T17:24:02.949+03:00  INFO 881 --- [BeyazEvimBackend] [           main] .RepositoryConfigurationExtensionSupport : Spring Data JDBC - Could not safely identify store assignment for repository candidate interface com.ardakkan.backend.repo.ProductModelRepository; If you want this repository to be a JDBC repository, consider annotating your entities with one of these annotations: org.springframework.data.relational.core.mapping.Table.
2024-12-15T17:24:02.950+03:00  INFO 881 --- [BeyazEvimBackend] [           main] .RepositoryConfigurationExtensionSupport : Spring Data JDBC - Could not safely identify store assignment for repository candidate interface com.ardakkan.backend.repo.UserRepository; If you want this repository to be a JDBC repository, consider annotating your entities with one of these annotations: org.springframework.data.relational.core.mapping.Table.
2024-12-15T17:24:02.950+03:00  INFO 881 --- [BeyazEvimBackend] [           main] .s.d.r.c.RepositoryConfigurationDelegate : Finished Spring Data repository scanning in 31 ms. Found 0 JDBC repository interfaces.
2024-12-15T17:24:02.958+03:00  INFO 881 --- [BeyazEvimBackend] [           main] .s.d.r.c.RepositoryConfigurationDelegate : Multiple Spring Data modules found, entering strict repository configuration mode
2024-12-15T17:24:02.959+03:00  INFO 881 --- [BeyazEvimBackend] [           main] .s.d.r.c.RepositoryConfigurationDelegate : Bootstrapping Spring Data JPA repositories in DEFAULT mode.
2024-12-15T17:24:02.993+03:00  INFO 881 --- [BeyazEvimBackend] [           main] .s.d.r.c.RepositoryConfigurationDelegate : Finished Spring Data repository scanning in 30 ms. Found 8 JPA repository interfaces.
2024-12-15T17:24:03.644+03:00  INFO 881 --- [BeyazEvimBackend] [           main] o.hibernate.jpa.internal.util.LogHelper  : HHH000204: Processing PersistenceUnitInfo [name: default]
2024-12-15T17:24:03.732+03:00  INFO 881 --- [BeyazEvimBackend] [           main] org.hibernate.Version                    : HHH000412: Hibernate ORM core version 6.5.3.Final
2024-12-15T17:24:03.776+03:00  INFO 881 --- [BeyazEvimBackend] [           main] o.h.c.internal.RegionFactoryInitiator    : HHH000026: Second-level cache disabled
2024-12-15T17:24:04.135+03:00  INFO 881 --- [BeyazEvimBackend] [           main] o.s.o.j.p.SpringPersistenceUnitInfo      : No LoadTimeWeaver setup: ignoring JPA class transformer
2024-12-15T17:24:04.165+03:00  INFO 881 --- [BeyazEvimBackend] [           main] com.zaxxer.hikari.HikariDataSource       : HikariPool-1 - Starting...
2024-12-15T17:24:04.544+03:00  INFO 881 --- [BeyazEvimBackend] [           main] com.zaxxer.hikari.pool.HikariPool        : HikariPool-1 - Added connection com.mysql.cj.jdbc.ConnectionImpl@36a1fd20
2024-12-15T17:24:04.546+03:00  INFO 881 --- [BeyazEvimBackend] [           main] com.zaxxer.hikari.HikariDataSource       : HikariPool-1 - Start completed.
2024-12-15T17:24:05.680+03:00  INFO 881 --- [BeyazEvimBackend] [           main] o.h.e.t.j.p.i.JtaPlatformInitiator       : HHH000489: No JTA platform available (set 'hibernate.transaction.jta.platform' to enable JTA platform integration)
Hibernate: alter table user modify column role enum ('CUSTOMER','PRODUCT_OWNER','SALES_MANAGER') not null
Hibernate: alter table user_wishlist add column product_id bigint not null
Hibernate: alter table user_wishlist add constraint FKbd3onwwusd3uc1ei5883ypjkm foreign key (product_id) references product_model (id)
2024-12-15T17:24:05.901+03:00  INFO 881 --- [BeyazEvimBackend] [           main] j.LocalContainerEntityManagerFactoryBean : Initialized JPA EntityManagerFactory for persistence unit 'default'
2024-12-15T17:24:06.427+03:00  INFO 881 --- [BeyazEvimBackend] [           main] eAuthenticationProviderManagerConfigurer : Global AuthenticationManager configured with AuthenticationProvider bean with name authenticationProvider
2024-12-15T17:24:06.428+03:00  WARN 881 --- [BeyazEvimBackend] [           main] r$InitializeUserDetailsManagerConfigurer : Global AuthenticationManager configured with an AuthenticationProvider bean. UserDetailsService beans will not be used for username/password login. Consider removing the AuthenticationProvider bean. Alternatively, consider using the UserDetailsService in a manually instantiated DaoAuthenticationProvider.
2024-12-15T17:24:06.762+03:00  WARN 881 --- [BeyazEvimBackend] [           main] JpaBaseConfiguration$JpaWebConfiguration : spring.jpa.open-in-view is enabled by default. Therefore, database queries may be performed during view rendering. Explicitly configure spring.jpa.open-in-view to disable this warning
2024-12-15T17:24:07.376+03:00  INFO 881 --- [BeyazEvimBackend] [           main] o.s.b.a.e.web.EndpointLinksResolver      : Exposing 1 endpoint beneath base path '/actuator'
2024-12-15T17:24:08.103+03:00  INFO 881 --- [BeyazEvimBackend] [           main] c.a.b.BeyazEvimBackendApplicationTests   : Started BeyazEvimBackendApplicationTests in 6.245 seconds (process running for 6.981)
]]></system-out>
  </testcase>
</testsuite>